<?xml version="1.0" encoding="UTF-8"?>
<testsuite name="BoardAndPlayGameTest" tests="12" skipped="0" failures="0" errors="0" timestamp="2018-12-13T14:56:48" hostname="mandus-MacBook-Pro.local" time="0.005">
  <properties/>
  <testcase name="testBoardTryMarkAsTuzPlayer" classname="BoardAndPlayGameTest" time="0.0"/>
  <testcase name="testBoardHole" classname="BoardAndPlayGameTest" time="0.0"/>
  <testcase name="testBoardConstructor" classname="BoardAndPlayGameTest" time="0.0"/>
  <testcase name="testBoardMoveBallsAtTheBegining" classname="BoardAndPlayGameTest" time="0.0"/>
  <testcase name="testBoardCaptureBallsFromTuzPlayer" classname="BoardAndPlayGameTest" time="0.0"/>
  <testcase name="testBoardTryCaptureBalls" classname="BoardAndPlayGameTest" time="0.0"/>
  <testcase name="testBoardCaptureBallsFromTuzOpponent" classname="BoardAndPlayGameTest" time="0.0"/>
  <testcase name="testBoardTryMarkAsTuzAgain" classname="BoardAndPlayGameTest" time="0.001"/>
  <testcase name="testGenerateTheBestIndex" classname="BoardAndPlayGameTest" time="0.0"/>
  <testcase name="testGenerateTheBestIndexTuz" classname="BoardAndPlayGameTest" time="0.001"/>
  <testcase name="testBoardTryMarkAsTuzMirrorIndex" classname="BoardAndPlayGameTest" time="0.0"/>
  <testcase name="testBoardTryMarkAsTuzOpponent" classname="BoardAndPlayGameTest" time="0.0"/>
  <system-out><![CDATA[]]></system-out>
  <system-err><![CDATA[]]></system-err>
</testsuite>
