<?xml version="1.0" encoding="UTF-8"?>
<testsuite name="TestToguzKorgoolGUI" tests="1" skipped="0" failures="0" errors="0" timestamp="2018-12-14T08:01:59" hostname="mandus-MacBook-Pro.local" time="28.041">
  <properties/>
  <testcase name="testGUIFunctionalities" classname="TestToguzKorgoolGUI" time="28.041"/>
  <system-out><![CDATA[]]></system-out>
  <system-err><![CDATA[SLF4J: Failed to load class "org.slf4j.impl.StaticLoggerBinder".
SLF4J: Defaulting to no-operation (NOP) logger implementation
SLF4J: See http://www.slf4j.org/codes.html#StaticLoggerBinder for further details.
]]></system-err>
</testsuite>
